<?xml version="1.0" encoding="UTF-8"?>
<!-- Generated by org.testng.reporters.JUnitReportReporter -->
<testsuite hostname="DESKTOP-VGET4HH" name="com.training.sanity.tests.ForgotPasswordTest" tests="1" failures="0" timestamp="13 Nov 2019 07:54:11 GMT" time="23.267" errors="0">
  <testcase name="ForgotPasswordProcess" time="23.267" classname="com.training.sanity.tests.ForgotPasswordTest"/>
</testsuite> <!-- com.training.sanity.tests.ForgotPasswordTest -->
