<?xml version="1.0" encoding="UTF-8"?>
<!-- Generated by org.testng.reporters.JUnitReportReporter -->
<testsuite hostname="DESKTOP-VGET4HH" name="com.training.sanity.tests.MediumSecondShopUniform" tests="1" failures="0" timestamp="16 Nov 2019 07:45:56 GMT" time="23.685" errors="0">
  <testcase name="shopUniform" time="23.685" classname="com.training.sanity.tests.MediumSecondShopUniform"/>
</testsuite> <!-- com.training.sanity.tests.MediumSecondShopUniform -->
