<?xml version="1.0" encoding="UTF-8"?>
<!-- Generated by org.testng.reporters.JUnitReportReporter -->
<testsuite hostname="DESKTOP-VGET4HH" name="com.training.sanity.tests.ComplexTestTwo" tests="4" failures="0" timestamp="25 Nov 2019 13:29:41 GMT" time="91.939" errors="0">
  <testcase name="registerationProcessTest" time="22.671" classname="com.training.sanity.tests.ComplexTestTwo"/>
  <testcase name="registerationProcessTest" time="22.164" classname="com.training.sanity.tests.ComplexTestTwo"/>
  <testcase name="registerationProcessTest" time="22.383" classname="com.training.sanity.tests.ComplexTestTwo"/>
  <testcase name="registerationProcessTest" time="24.721" classname="com.training.sanity.tests.ComplexTestTwo"/>
</testsuite> <!-- com.training.sanity.tests.ComplexTestTwo -->
