<?xml version="1.0" encoding="UTF-8"?>
<!-- Generated by org.testng.reporters.JUnitReportReporter -->
<testsuite hostname="DESKTOP-VGET4HH" name="com.training.sanity.tests.MediumSecondShopUniform" tests="1" failures="0" timestamp="15 Nov 2019 16:05:40 GMT" time="24.079" errors="0">
  <testcase name="shopUniform" time="24.079" classname="com.training.sanity.tests.MediumSecondShopUniform"/>
</testsuite> <!-- com.training.sanity.tests.MediumSecondShopUniform -->
