<?xml version="1.0" encoding="UTF-8"?>
<!-- Generated by org.testng.reporters.JUnitReportReporter -->
<testsuite hostname="DESKTOP-VGET4HH" name="com.training.sanity.tests.ComplexTestone" tests="1" failures="0" timestamp="20 Nov 2019 06:38:53 GMT" time="23.836" errors="0">
  <testcase name="registerationProcessTest" time="23.836" classname="com.training.sanity.tests.ComplexTestone"/>
</testsuite> <!-- com.training.sanity.tests.ComplexTestone -->
