<?xml version="1.0" encoding="UTF-8"?>
<!-- Generated by org.testng.reporters.JUnitReportReporter -->
<testsuite hostname="DESKTOP-VGET4HH" name="com.training.sanity.tests.PositiveLoginTest" tests="1" failures="0" timestamp="13 Nov 2019 08:23:05 GMT" time="19.337" errors="0">
  <testcase name="positiveLoginProcess" time="19.337" classname="com.training.sanity.tests.PositiveLoginTest"/>
</testsuite> <!-- com.training.sanity.tests.PositiveLoginTest -->
