<?xml version="1.0" encoding="UTF-8"?>
<!-- Generated by org.testng.reporters.JUnitReportReporter -->
<testsuite hostname="DESKTOP-VGET4HH" name="com.training.sanity.tests.Registration" tests="1" failures="0" timestamp="13 Nov 2019 05:59:30 GMT" time="32.334" errors="0">
  <testcase name="registerationProcessTest" time="32.334" classname="com.training.sanity.tests.Registration"/>
</testsuite> <!-- com.training.sanity.tests.Registration -->
