<?xml version="1.0" encoding="UTF-8"?>
<!-- Generated by org.testng.reporters.JUnitReportReporter -->
<testsuite hostname="DESKTOP-VGET4HH" name="com.training.sanity.tests.MediumNegativeLogin" tests="5" failures="0" timestamp="14 Nov 2019 07:57:47 GMT" time="92.783" errors="0">
  <testcase name="positiveLoginProcess" time="18.201" classname="com.training.sanity.tests.MediumNegativeLogin"/>
  <testcase name="positiveLoginProcess" time="18.731" classname="com.training.sanity.tests.MediumNegativeLogin"/>
  <testcase name="positiveLoginProcess" time="17.935" classname="com.training.sanity.tests.MediumNegativeLogin"/>
  <testcase name="positiveLoginProcess" time="18.633" classname="com.training.sanity.tests.MediumNegativeLogin"/>
  <testcase name="positiveLoginProcess" time="19.283" classname="com.training.sanity.tests.MediumNegativeLogin"/>
</testsuite> <!-- com.training.sanity.tests.MediumNegativeLogin -->
