<?xml version="1.0" encoding="UTF-8"?>
<!-- Generated by org.testng.reporters.JUnitReportReporter -->
<testsuite hostname="DESKTOP-VGET4HH" name="simple.randomint" tests="1" failures="0" timestamp="19 Nov 2019 18:05:09 GMT" time="0.013" errors="0">
  <testcase name="testphonenumvalidation" time="0.013" classname="simple.randomint"/>
</testsuite> <!-- simple.randomint -->
