<?xml version="1.0" encoding="UTF-8"?>
<!-- Generated by org.testng.reporters.JUnitReportReporter -->
<testsuite hostname="DESKTOP-VGET4HH" name="com.training.sanity.tests.MediumThirdShopUniform" tests="1" failures="0" timestamp="19 Nov 2019 10:46:17 GMT" time="33.762" errors="0">
  <testcase name="shopUniform" time="33.762" classname="com.training.sanity.tests.MediumThirdShopUniform"/>
</testsuite> <!-- com.training.sanity.tests.MediumThirdShopUniform -->
